0 info it worked if it ends with ok
1 verbose cli [ 'C:\\Program Files\\nodejs\\node.exe',
1 verbose cli   'C:\\Program Files\\nodejs\\node_modules\\npm\\bin\\npm-cli.js',
1 verbose cli   'install' ]
2 info using npm@3.10.10
3 info using node@v6.11.3
4 silly loadCurrentTree Starting
5 silly install loadCurrentTree
6 silly install readLocalPackageData
7 silly install normalizeTree
8 silly loadCurrentTree Finishing
9 silly loadIdealTree Starting
10 silly install loadIdealTree
11 silly cloneCurrentTree Starting
12 silly install cloneCurrentTreeToIdealTree
13 silly cloneCurrentTree Finishing
14 silly loadShrinkwrap Starting
15 silly install loadShrinkwrap
16 silly loadShrinkwrap Finishing
17 silly loadAllDepsIntoIdealTree Starting
18 silly install loadAllDepsIntoIdealTree
19 silly fetchNamedPackageData angular-ckeditor
20 silly mapToRegistry name angular-ckeditor
21 silly mapToRegistry using default registry
22 silly mapToRegistry registry https://registry.npmjs.org/
23 silly mapToRegistry data Result {
23 silly mapToRegistry   raw: 'angular-ckeditor',
23 silly mapToRegistry   scope: null,
23 silly mapToRegistry   escapedName: 'angular-ckeditor',
23 silly mapToRegistry   name: 'angular-ckeditor',
23 silly mapToRegistry   rawSpec: '',
23 silly mapToRegistry   spec: 'latest',
23 silly mapToRegistry   type: 'tag' }
24 silly mapToRegistry uri https://registry.npmjs.org/angular-ckeditor
25 verbose request uri https://registry.npmjs.org/angular-ckeditor
26 verbose request no auth needed
27 info attempt registry request try #1 at 14:58:53
28 verbose request id ea4103c719c0e2c1
29 verbose etag W/"5540e7f8-157e"
30 verbose lastModified Wed, 29 Apr 2015 14:17:28 GMT
31 http request GET https://registry.npmjs.org/angular-ckeditor
32 http 304 https://registry.npmjs.org/angular-ckeditor
33 verbose headers { date: 'Mon, 20 Nov 2017 13:58:56 GMT',
33 verbose headers   via: '1.1 varnish',
33 verbose headers   'cache-control': 'max-age=300',
33 verbose headers   etag: 'W/"5540e7f8-157e"',
33 verbose headers   age: '0',
33 verbose headers   connection: 'keep-alive',
33 verbose headers   'x-served-by': 'cache-hhn1547-HHN',
33 verbose headers   'x-cache': 'MISS',
33 verbose headers   'x-cache-hits': '0',
33 verbose headers   'x-timer': 'S1511186337.860197,VS0,VE1',
33 verbose headers   vary: 'Accept-Encoding, Accept' }
34 silly get cb [ 304,
34 silly get   { date: 'Mon, 20 Nov 2017 13:58:56 GMT',
34 silly get     via: '1.1 varnish',
34 silly get     'cache-control': 'max-age=300',
34 silly get     etag: 'W/"5540e7f8-157e"',
34 silly get     age: '0',
34 silly get     connection: 'keep-alive',
34 silly get     'x-served-by': 'cache-hhn1547-HHN',
34 silly get     'x-cache': 'MISS',
34 silly get     'x-cache-hits': '0',
34 silly get     'x-timer': 'S1511186337.860197,VS0,VE1',
34 silly get     vary: 'Accept-Encoding, Accept' } ]
35 verbose etag https://registry.npmjs.org/angular-ckeditor from cache
36 verbose get saving angular-ckeditor to C:\Users\GILSON\AppData\Roaming\npm-cache\registry.npmjs.org\angular-ckeditor\.cache.json
37 verbose correctMkdir C:\Users\GILSON\AppData\Roaming\npm-cache correctMkdir not in flight; initializing
38 silly resolveWithNewModule angular-ckeditor@0.3.1 checking installable status
39 silly cache add args [ 'angular-ckeditor@^0.3.1', null ]
40 verbose cache add spec angular-ckeditor@^0.3.1
41 silly cache add parsed spec Result {
41 silly cache add   raw: 'angular-ckeditor@^0.3.1',
41 silly cache add   scope: null,
41 silly cache add   escapedName: 'angular-ckeditor',
41 silly cache add   name: 'angular-ckeditor',
41 silly cache add   rawSpec: '^0.3.1',
41 silly cache add   spec: '>=0.3.1 <0.4.0',
41 silly cache add   type: 'range' }
42 silly addNamed angular-ckeditor@>=0.3.1 <0.4.0
43 verbose addNamed ">=0.3.1 <0.4.0" is a valid semver range for angular-ckeditor
44 silly addNameRange { name: 'angular-ckeditor',
44 silly addNameRange   range: '>=0.3.1 <0.4.0',
44 silly addNameRange   hasData: false }
45 silly mapToRegistry name angular-ckeditor
46 silly mapToRegistry using default registry
47 silly mapToRegistry registry https://registry.npmjs.org/
48 silly mapToRegistry data Result {
48 silly mapToRegistry   raw: 'angular-ckeditor',
48 silly mapToRegistry   scope: null,
48 silly mapToRegistry   escapedName: 'angular-ckeditor',
48 silly mapToRegistry   name: 'angular-ckeditor',
48 silly mapToRegistry   rawSpec: '',
48 silly mapToRegistry   spec: 'latest',
48 silly mapToRegistry   type: 'tag' }
49 silly mapToRegistry uri https://registry.npmjs.org/angular-ckeditor
50 verbose addNameRange registry:https://registry.npmjs.org/angular-ckeditor not in flight; fetching
51 verbose get https://registry.npmjs.org/angular-ckeditor not expired, no request
52 silly addNameRange number 2 { name: 'angular-ckeditor',
52 silly addNameRange   range: '>=0.3.1 <0.4.0',
52 silly addNameRange   hasData: true }
53 silly addNameRange versions [ 'angular-ckeditor', [ '0.3.0', '0.3.1' ] ]
54 silly addNamed angular-ckeditor@0.3.1
55 verbose addNamed "0.3.1" is a plain semver version for angular-ckeditor
56 silly cache afterAdd angular-ckeditor@0.3.1
57 verbose afterAdd C:\Users\GILSON\AppData\Roaming\npm-cache\angular-ckeditor\0.3.1\package\package.json not in flight; writing
58 verbose correctMkdir C:\Users\GILSON\AppData\Roaming\npm-cache correctMkdir not in flight; initializing
59 verbose afterAdd C:\Users\GILSON\AppData\Roaming\npm-cache\angular-ckeditor\0.3.1\package\package.json written
60 silly loadAllDepsIntoIdealTree Finishing
61 silly loadIdealTree Finishing
62 silly currentTree peersoundproject@0.1.0
62 silly currentTree +-- @types/geojson@1.0.6
62 silly currentTree +-- abbrev@1.1.1
62 silly currentTree +-- accepts@1.3.4
62 silly currentTree +-- ambi@2.5.0
62 silly currentTree | `-- typechecker@4.4.1
62 silly currentTree +-- angular-animate@1.6.6
62 silly currentTree +-- angular-bootstrap-datetimepicker@1.1.4
62 silly currentTree +-- angular-cookies@1.6.6
62 silly currentTree +-- angular-date-time-input@1.2.1
62 silly currentTree +-- angular-filter@0.5.17
62 silly currentTree +-- angular-route@1.6.6
62 silly currentTree +-- angular-sanitize@1.6.6
62 silly currentTree +-- angular-translate@2.16.0
62 silly currentTree +-- angular-ui-bootstrap@1.3.3
62 silly currentTree +-- angular@1.6.6
62 silly currentTree +-- array-flatten@1.1.1
62 silly currentTree +-- array-uniq@1.0.2
62 silly currentTree +-- async@2.6.0
62 silly currentTree | `-- lodash@4.17.4
62 silly currentTree +-- balanced-match@1.0.0
62 silly currentTree +-- bignumber.js@4.0.4
62 silly currentTree +-- bluebird@2.11.0
62 silly currentTree +-- body-parser@1.0.2
62 silly currentTree +-- brace-expansion@1.1.8
62 silly currentTree +-- busboy@0.2.14
62 silly currentTree +-- bytes@1.0.0
62 silly currentTree +-- coffee-script@1.12.7
62 silly currentTree +-- colors@1.0.3
62 silly currentTree +-- component-emitter@1.2.1
62 silly currentTree +-- concat-map@0.0.1
62 silly currentTree +-- connect-flash@0.1.1
62 silly currentTree +-- content-disposition@0.5.2
62 silly currentTree +-- content-type@1.0.4
62 silly currentTree +-- cookie-parser@1.4.3
62 silly currentTree +-- cookie-signature@1.0.6
62 silly currentTree +-- cookie@0.3.1
62 silly currentTree +-- cookies@0.5.1
62 silly currentTree +-- core-util-is@1.0.2
62 silly currentTree +-- crc@3.4.4
62 silly currentTree +-- crypto@0.0.3
62 silly currentTree +-- csextends@1.1.1
62 silly currentTree +-- cycle@1.0.3
62 silly currentTree +-- debug@2.6.9
62 silly currentTree +-- deep-extend@0.4.2
62 silly currentTree +-- depd@1.1.1
62 silly currentTree +-- destroy@1.0.4
62 silly currentTree +-- dicer@0.2.5
62 silly currentTree +-- dottie@1.1.1
62 silly currentTree +-- eachr@2.0.4
62 silly currentTree +-- editions@1.3.3
62 silly currentTree +-- ee-first@1.1.1
62 silly currentTree +-- ejs@2.5.7
62 silly currentTree +-- encodeurl@1.0.1
62 silly currentTree +-- escape-html@1.0.3
62 silly currentTree +-- etag@1.8.1
62 silly currentTree +-- express-flash@0.0.2
62 silly currentTree +-- express-session@1.15.6
62 silly currentTree +-- express@4.16.2
62 silly currentTree | +-- body-parser@1.18.2
62 silly currentTree | +-- bytes@3.0.0
62 silly currentTree | +-- qs@6.5.1
62 silly currentTree | +-- raw-body@2.3.2
62 silly currentTree | `-- type-is@1.6.15
62 silly currentTree +-- extendr@2.1.0
62 silly currentTree | `-- typechecker@2.0.8
62 silly currentTree +-- extract-opts@2.2.0
62 silly currentTree | `-- typechecker@2.0.8
62 silly currentTree +-- eyes@0.1.8
62 silly currentTree +-- finalhandler@1.1.0
62 silly currentTree +-- forwarded@0.1.2
62 silly currentTree +-- fresh@0.5.2
62 silly currentTree +-- fs-extra@0.24.0
62 silly currentTree +-- fs.realpath@1.0.0
62 silly currentTree +-- generic-pool@2.4.2
62 silly currentTree +-- glob@5.0.15
62 silly currentTree +-- graceful-fs@4.1.11
62 silly currentTree +-- http-errors@1.6.2
62 silly currentTree | `-- setprototypeof@1.0.3
62 silly currentTree +-- i18n@0.8.3
62 silly currentTree | +-- async@1.5.2
62 silly currentTree | +-- glob@6.0.4
62 silly currentTree | `-- messageformat@0.3.1
62 silly currentTree +-- iconv-lite@0.4.19
62 silly currentTree +-- ignorefs@1.2.0
62 silly currentTree +-- ignorepatterns@1.1.0
62 silly currentTree +-- inflection@1.12.0
62 silly currentTree +-- inflight@1.0.6
62 silly currentTree +-- inherits@2.0.3
62 silly currentTree +-- ipaddr.js@1.5.2
62 silly currentTree +-- isarray@0.0.1
62 silly currentTree +-- isstream@0.1.2
62 silly currentTree +-- jsonfile@2.4.0
62 silly currentTree +-- keygrip@1.0.2
62 silly currentTree +-- locale@0.1.0
62 silly currentTree +-- lodash@3.10.1
62 silly currentTree +-- lru-cache@2.7.3
62 silly currentTree +-- make-plural@3.0.6
62 silly currentTree +-- math-interval-parser@1.1.0
62 silly currentTree +-- media-typer@0.3.0
62 silly currentTree +-- merge-descriptors@1.0.1
62 silly currentTree +-- messageformat@0.2.2
62 silly currentTree | +-- async@0.2.10
62 silly currentTree | +-- coffee-script@1.7.1
62 silly currentTree | +-- glob@3.2.11
62 silly currentTree | +-- minimatch@0.3.0
62 silly currentTree | +-- nopt@2.1.2
62 silly currentTree | `-- underscore@1.5.2
62 silly currentTree +-- methods@1.1.2
62 silly currentTree +-- mime-db@1.30.0
62 silly currentTree +-- mime-types@2.1.17
62 silly currentTree +-- mime@1.2.11
62 silly currentTree +-- minimatch@3.0.4
62 silly currentTree +-- minimist@1.2.0
62 silly currentTree +-- mkdirp@0.3.5
62 silly currentTree +-- moment-timezone@0.5.14
62 silly currentTree +-- moment@2.19.2
62 silly currentTree +-- ms@2.0.0
62 silly currentTree +-- multer@0.1.8
62 silly currentTree | +-- mime-db@1.12.0
62 silly currentTree | +-- mime-types@2.0.14
62 silly currentTree | +-- qs@1.2.2
62 silly currentTree | `-- type-is@1.5.7
62 silly currentTree +-- mustache@2.3.0
62 silly currentTree +-- mysql@2.15.0
62 silly currentTree | +-- isarray@1.0.0
62 silly currentTree | +-- readable-stream@2.3.3
62 silly currentTree | `-- string_decoder@1.0.3
62 silly currentTree +-- negotiator@0.6.1
62 silly currentTree +-- ng-file-upload@12.2.13
62 silly currentTree +-- nodemailer@4.4.0
62 silly currentTree +-- nopt@3.0.6
62 silly currentTree +-- on-finished@2.3.0
62 silly currentTree +-- on-headers@1.0.1
62 silly currentTree +-- once@1.4.0
62 silly currentTree +-- parseurl@1.3.2
62 silly currentTree +-- passport-http-bearer@1.0.1
62 silly currentTree +-- passport-local@1.0.0
62 silly currentTree +-- passport-strategy@1.0.0
62 silly currentTree +-- passport@0.3.2
62 silly currentTree +-- password-hash@1.2.2
62 silly currentTree +-- path-is-absolute@1.0.1
62 silly currentTree +-- path-to-regexp@0.1.7
62 silly currentTree +-- path@0.11.14
62 silly currentTree +-- pause@0.0.1
62 silly currentTree +-- pkginfo@0.3.1
62 silly currentTree +-- process-nextick-args@1.0.7
62 silly currentTree +-- proxy-addr@2.0.2
62 silly currentTree +-- qs@0.6.6
62 silly currentTree +-- random-bytes@1.0.0
62 silly currentTree +-- randomstring@1.1.5
62 silly currentTree +-- range-parser@1.2.0
62 silly currentTree +-- raw-body@1.1.7
62 silly currentTree +-- readable-stream@1.1.14
62 silly currentTree +-- requirejs@2.3.5
62 silly currentTree +-- restangular@1.6.1
62 silly currentTree | `-- lodash@4.17.4
62 silly currentTree +-- retry-as-promised@2.3.2
62 silly currentTree | `-- bluebird@3.5.1
62 silly currentTree +-- rimraf@2.6.2
62 silly currentTree | `-- glob@7.1.2
62 silly currentTree +-- safe-buffer@5.1.1
62 silly currentTree +-- safefs@3.2.2
62 silly currentTree +-- scandirectory@2.5.0
62 silly currentTree +-- screener@0.0.7
62 silly currentTree +-- semver@5.4.1
62 silly currentTree +-- send@0.16.1
62 silly currentTree | `-- mime@1.4.1
62 silly currentTree +-- sequelize@3.30.4
62 silly currentTree | +-- bluebird@3.5.1
62 silly currentTree | +-- lodash@4.12.0
62 silly currentTree | `-- validator@5.7.0
62 silly currentTree +-- serve-static@1.13.1
62 silly currentTree +-- setprototypeof@1.1.0
62 silly currentTree +-- shimmer@1.1.0
62 silly currentTree +-- sigmund@1.0.1
62 silly currentTree +-- sprintf-js@1.1.1
62 silly currentTree +-- sqlstring@2.3.0
62 silly currentTree +-- stack-trace@0.0.10
62 silly currentTree +-- statuses@1.3.1
62 silly currentTree +-- streamsearch@0.1.2
62 silly currentTree +-- string_decoder@0.10.31
62 silly currentTree +-- string@3.3.3
62 silly currentTree +-- taskgroup@4.3.1
62 silly currentTree +-- terraformer-wkt-parser@1.1.2
62 silly currentTree +-- terraformer@1.0.8
62 silly currentTree +-- toposort-class@1.0.1
62 silly currentTree +-- type-is@1.1.0
62 silly currentTree +-- typechecker@2.1.0
62 silly currentTree +-- uid-safe@2.1.5
62 silly currentTree +-- underscore@1.8.3
62 silly currentTree +-- unpipe@1.0.0
62 silly currentTree +-- util-deprecate@1.0.2
62 silly currentTree +-- utils-merge@1.0.1
62 silly currentTree +-- uuid@3.1.0
62 silly currentTree +-- validator@3.43.0
62 silly currentTree +-- vary@1.1.2
62 silly currentTree +-- watchr@2.4.13
62 silly currentTree +-- winston@0.9.0
62 silly currentTree | `-- async@0.9.2
62 silly currentTree +-- wkx@0.2.0
62 silly currentTree +-- wrappy@1.0.2
62 silly currentTree +-- xregexp@2.0.0
62 silly currentTree `-- zxcvbn@4.4.2
63 silly idealTree peersoundproject@0.1.0
63 silly idealTree +-- @types/geojson@1.0.6
63 silly idealTree +-- abbrev@1.1.1
63 silly idealTree +-- accepts@1.3.4
63 silly idealTree +-- ambi@2.5.0
63 silly idealTree | `-- typechecker@4.4.1
63 silly idealTree +-- angular-animate@1.6.6
63 silly idealTree +-- angular-bootstrap-datetimepicker@1.1.4
63 silly idealTree +-- angular-ckeditor@0.3.1
63 silly idealTree +-- angular-cookies@1.6.6
63 silly idealTree +-- angular-date-time-input@1.2.1
63 silly idealTree +-- angular-filter@0.5.17
63 silly idealTree +-- angular-route@1.6.6
63 silly idealTree +-- angular-sanitize@1.6.6
63 silly idealTree +-- angular-translate@2.16.0
63 silly idealTree +-- angular-ui-bootstrap@1.3.3
63 silly idealTree +-- angular@1.6.6
63 silly idealTree +-- array-flatten@1.1.1
63 silly idealTree +-- array-uniq@1.0.2
63 silly idealTree +-- async@2.6.0
63 silly idealTree | `-- lodash@4.17.4
63 silly idealTree +-- balanced-match@1.0.0
63 silly idealTree +-- bignumber.js@4.0.4
63 silly idealTree +-- bluebird@2.11.0
63 silly idealTree +-- body-parser@1.0.2
63 silly idealTree +-- brace-expansion@1.1.8
63 silly idealTree +-- busboy@0.2.14
63 silly idealTree +-- bytes@1.0.0
63 silly idealTree +-- coffee-script@1.12.7
63 silly idealTree +-- colors@1.0.3
63 silly idealTree +-- component-emitter@1.2.1
63 silly idealTree +-- concat-map@0.0.1
63 silly idealTree +-- connect-flash@0.1.1
63 silly idealTree +-- content-disposition@0.5.2
63 silly idealTree +-- content-type@1.0.4
63 silly idealTree +-- cookie-parser@1.4.3
63 silly idealTree +-- cookie-signature@1.0.6
63 silly idealTree +-- cookie@0.3.1
63 silly idealTree +-- cookies@0.5.1
63 silly idealTree +-- core-util-is@1.0.2
63 silly idealTree +-- crc@3.4.4
63 silly idealTree +-- crypto@0.0.3
63 silly idealTree +-- csextends@1.1.1
63 silly idealTree +-- cycle@1.0.3
63 silly idealTree +-- debug@2.6.9
63 silly idealTree +-- deep-extend@0.4.2
63 silly idealTree +-- depd@1.1.1
63 silly idealTree +-- destroy@1.0.4
63 silly idealTree +-- dicer@0.2.5
63 silly idealTree +-- dottie@1.1.1
63 silly idealTree +-- eachr@2.0.4
63 silly idealTree +-- editions@1.3.3
63 silly idealTree +-- ee-first@1.1.1
63 silly idealTree +-- ejs@2.5.7
63 silly idealTree +-- encodeurl@1.0.1
63 silly idealTree +-- escape-html@1.0.3
63 silly idealTree +-- etag@1.8.1
63 silly idealTree +-- express-flash@0.0.2
63 silly idealTree +-- express-session@1.15.6
63 silly idealTree +-- express@4.16.2
63 silly idealTree | +-- body-parser@1.18.2
63 silly idealTree | +-- bytes@3.0.0
63 silly idealTree | +-- qs@6.5.1
63 silly idealTree | +-- raw-body@2.3.2
63 silly idealTree | `-- type-is@1.6.15
63 silly idealTree +-- extendr@2.1.0
63 silly idealTree | `-- typechecker@2.0.8
63 silly idealTree +-- extract-opts@2.2.0
63 silly idealTree | `-- typechecker@2.0.8
63 silly idealTree +-- eyes@0.1.8
63 silly idealTree +-- finalhandler@1.1.0
63 silly idealTree +-- forwarded@0.1.2
63 silly idealTree +-- fresh@0.5.2
63 silly idealTree +-- fs-extra@0.24.0
63 silly idealTree +-- fs.realpath@1.0.0
63 silly idealTree +-- generic-pool@2.4.2
63 silly idealTree +-- glob@5.0.15
63 silly idealTree +-- graceful-fs@4.1.11
63 silly idealTree +-- http-errors@1.6.2
63 silly idealTree | `-- setprototypeof@1.0.3
63 silly idealTree +-- i18n@0.8.3
63 silly idealTree | +-- async@1.5.2
63 silly idealTree | +-- glob@6.0.4
63 silly idealTree | `-- messageformat@0.3.1
63 silly idealTree +-- iconv-lite@0.4.19
63 silly idealTree +-- ignorefs@1.2.0
63 silly idealTree +-- ignorepatterns@1.1.0
63 silly idealTree +-- inflection@1.12.0
63 silly idealTree +-- inflight@1.0.6
63 silly idealTree +-- inherits@2.0.3
63 silly idealTree +-- ipaddr.js@1.5.2
63 silly idealTree +-- isarray@0.0.1
63 silly idealTree +-- isstream@0.1.2
63 silly idealTree +-- jsonfile@2.4.0
63 silly idealTree +-- keygrip@1.0.2
63 silly idealTree +-- locale@0.1.0
63 silly idealTree +-- lodash@3.10.1
63 silly idealTree +-- lru-cache@2.7.3
63 silly idealTree +-- make-plural@3.0.6
63 silly idealTree +-- math-interval-parser@1.1.0
63 silly idealTree +-- media-typer@0.3.0
63 silly idealTree +-- merge-descriptors@1.0.1
63 silly idealTree +-- messageformat@0.2.2
63 silly idealTree | +-- async@0.2.10
63 silly idealTree | +-- coffee-script@1.7.1
63 silly idealTree | +-- glob@3.2.11
63 silly idealTree | +-- minimatch@0.3.0
63 silly idealTree | +-- nopt@2.1.2
63 silly idealTree | `-- underscore@1.5.2
63 silly idealTree +-- methods@1.1.2
63 silly idealTree +-- mime-db@1.30.0
63 silly idealTree +-- mime-types@2.1.17
63 silly idealTree +-- mime@1.2.11
63 silly idealTree +-- minimatch@3.0.4
63 silly idealTree +-- minimist@1.2.0
63 silly idealTree +-- mkdirp@0.3.5
63 silly idealTree +-- moment-timezone@0.5.14
63 silly idealTree +-- moment@2.19.2
63 silly idealTree +-- ms@2.0.0
63 silly idealTree +-- multer@0.1.8
63 silly idealTree | +-- mime-db@1.12.0
63 silly idealTree | +-- mime-types@2.0.14
63 silly idealTree | +-- qs@1.2.2
63 silly idealTree | `-- type-is@1.5.7
63 silly idealTree +-- mustache@2.3.0
63 silly idealTree +-- mysql@2.15.0
63 silly idealTree | +-- isarray@1.0.0
63 silly idealTree | +-- readable-stream@2.3.3
63 silly idealTree | `-- string_decoder@1.0.3
63 silly idealTree +-- negotiator@0.6.1
63 silly idealTree +-- ng-file-upload@12.2.13
63 silly idealTree +-- nodemailer@4.4.0
63 silly idealTree +-- nopt@3.0.6
63 silly idealTree +-- on-finished@2.3.0
63 silly idealTree +-- on-headers@1.0.1
63 silly idealTree +-- once@1.4.0
63 silly idealTree +-- parseurl@1.3.2
63 silly idealTree +-- passport-http-bearer@1.0.1
63 silly idealTree +-- passport-local@1.0.0
63 silly idealTree +-- passport-strategy@1.0.0
63 silly idealTree +-- passport@0.3.2
63 silly idealTree +-- password-hash@1.2.2
63 silly idealTree +-- path-is-absolute@1.0.1
63 silly idealTree +-- path-to-regexp@0.1.7
63 silly idealTree +-- path@0.11.14
63 silly idealTree +-- pause@0.0.1
63 silly idealTree +-- pkginfo@0.3.1
63 silly idealTree +-- process-nextick-args@1.0.7
63 silly idealTree +-- proxy-addr@2.0.2
63 silly idealTree +-- qs@0.6.6
63 silly idealTree +-- random-bytes@1.0.0
63 silly idealTree +-- randomstring@1.1.5
63 silly idealTree +-- range-parser@1.2.0
63 silly idealTree +-- raw-body@1.1.7
63 silly idealTree +-- readable-stream@1.1.14
63 silly idealTree +-- requirejs@2.3.5
63 silly idealTree +-- restangular@1.6.1
63 silly idealTree | `-- lodash@4.17.4
63 silly idealTree +-- retry-as-promised@2.3.2
63 silly idealTree | `-- bluebird@3.5.1
63 silly idealTree +-- rimraf@2.6.2
63 silly idealTree | `-- glob@7.1.2
63 silly idealTree +-- safe-buffer@5.1.1
63 silly idealTree +-- safefs@3.2.2
63 silly idealTree +-- scandirectory@2.5.0
63 silly idealTree +-- screener@0.0.7
63 silly idealTree +-- semver@5.4.1
63 silly idealTree +-- send@0.16.1
63 silly idealTree | `-- mime@1.4.1
63 silly idealTree +-- sequelize@3.30.4
63 silly idealTree | +-- bluebird@3.5.1
63 silly idealTree | +-- lodash@4.12.0
63 silly idealTree | `-- validator@5.7.0
63 silly idealTree +-- serve-static@1.13.1
63 silly idealTree +-- setprototypeof@1.1.0
63 silly idealTree +-- shimmer@1.1.0
63 silly idealTree +-- sigmund@1.0.1
63 silly idealTree +-- sprintf-js@1.1.1
63 silly idealTree +-- sqlstring@2.3.0
63 silly idealTree +-- stack-trace@0.0.10
63 silly idealTree +-- statuses@1.3.1
63 silly idealTree +-- streamsearch@0.1.2
63 silly idealTree +-- string_decoder@0.10.31
63 silly idealTree +-- string@3.3.3
63 silly idealTree +-- taskgroup@4.3.1
63 silly idealTree +-- terraformer-wkt-parser@1.1.2
63 silly idealTree +-- terraformer@1.0.8
63 silly idealTree +-- toposort-class@1.0.1
63 silly idealTree +-- type-is@1.1.0
63 silly idealTree +-- typechecker@2.1.0
63 silly idealTree +-- uid-safe@2.1.5
63 silly idealTree +-- underscore@1.8.3
63 silly idealTree +-- unpipe@1.0.0
63 silly idealTree +-- util-deprecate@1.0.2
63 silly idealTree +-- utils-merge@1.0.1
63 silly idealTree +-- uuid@3.1.0
63 silly idealTree +-- validator@3.43.0
63 silly idealTree +-- vary@1.1.2
63 silly idealTree +-- watchr@2.4.13
63 silly idealTree +-- winston@0.9.0
63 silly idealTree | `-- async@0.9.2
63 silly idealTree +-- wkx@0.2.0
63 silly idealTree +-- wrappy@1.0.2
63 silly idealTree +-- xregexp@2.0.0
63 silly idealTree `-- zxcvbn@4.4.2
64 silly generateActionsToTake Starting
65 silly install generateActionsToTake
66 silly generateActionsToTake Finishing
67 silly diffTrees action count 1
68 silly diffTrees add angular-ckeditor@0.3.1
69 silly decomposeActions action count 8
70 silly decomposeActions fetch angular-ckeditor@0.3.1
71 silly decomposeActions extract angular-ckeditor@0.3.1
72 silly decomposeActions test angular-ckeditor@0.3.1
73 silly decomposeActions preinstall angular-ckeditor@0.3.1
74 silly decomposeActions build angular-ckeditor@0.3.1
75 silly decomposeActions install angular-ckeditor@0.3.1
76 silly decomposeActions postinstall angular-ckeditor@0.3.1
77 silly decomposeActions finalize angular-ckeditor@0.3.1
78 silly runTopLevelLifecycles Starting
79 silly install runPreinstallTopLevelLifecycles
80 silly preinstall peersoundproject@0.1.0 C:\Users\GILSON\Desktop\EIP\ProjectDev\PeerSoundProject\Web\backend\peersoundproject-362ee5da
81 info lifecycle peersoundproject@0.1.0~preinstall: peersoundproject@0.1.0
82 silly lifecycle peersoundproject@0.1.0~preinstall: no script for preinstall, continuing
83 silly executeActions Starting
84 silly install executeActions
85 silly doSerial global-install 0
86 silly doParallel fetch 1
87 verbose correctMkdir C:\Users\GILSON\AppData\Roaming\npm-cache\_locks correctMkdir not in flight; initializing
88 verbose lock using C:\Users\GILSON\AppData\Roaming\npm-cache\_locks\staging-252af7606f32fe16.lock for C:\Users\GILSON\Desktop\EIP\ProjectDev\PeerSoundProject\Web\backend\node_modules\.staging
89 silly doParallel extract 1
90 silly extract angular-ckeditor@0.3.1
91 verbose unbuild node_modules\.staging\angular-ckeditor-72eb3c60
92 silly gentlyRm C:\Users\GILSON\Desktop\EIP\ProjectDev\PeerSoundProject\Web\backend\node_modules\.staging\angular-ckeditor-72eb3c60 is being purged from base C:\Users\GILSON\Desktop\EIP\ProjectDev\PeerSoundProject\Web\backend
93 verbose gentlyRm don't care about contents; nuking C:\Users\GILSON\Desktop\EIP\ProjectDev\PeerSoundProject\Web\backend\node_modules\.staging\angular-ckeditor-72eb3c60
94 verbose tar unpack C:\Users\GILSON\AppData\Roaming\npm-cache\angular-ckeditor\0.3.1\package.tgz
95 verbose tar unpacking to C:\Users\GILSON\Desktop\EIP\ProjectDev\PeerSoundProject\Web\backend\node_modules\.staging\angular-ckeditor-72eb3c60
96 silly gentlyRm C:\Users\GILSON\Desktop\EIP\ProjectDev\PeerSoundProject\Web\backend\node_modules\.staging\angular-ckeditor-72eb3c60 is being purged
97 verbose gentlyRm don't care about contents; nuking C:\Users\GILSON\Desktop\EIP\ProjectDev\PeerSoundProject\Web\backend\node_modules\.staging\angular-ckeditor-72eb3c60
98 silly gunzTarPerm modes [ '777', '666' ]
99 silly gunzTarPerm extractEntry package.json
100 silly gunzTarPerm modified mode [ 'package.json', 436, 438 ]
101 silly gunzTarPerm extractEntry .npmignore
102 silly gunzTarPerm modified mode [ '.npmignore', 436, 438 ]
103 silly gunzTarPerm extractEntry README.md
104 silly gunzTarPerm modified mode [ 'README.md', 436, 438 ]
105 silly gunzTarPerm extractEntry angular-ckeditor.js
106 silly gunzTarPerm modified mode [ 'angular-ckeditor.js', 436, 438 ]
107 silly gunzTarPerm extractEntry Gruntfile.js
108 silly gunzTarPerm modified mode [ 'Gruntfile.js', 436, 438 ]
109 silly gunzTarPerm extractEntry angular-ckeditor.min.js
110 silly gunzTarPerm modified mode [ 'angular-ckeditor.min.js', 436, 438 ]
111 silly gunzTarPerm extractEntry karma.conf.js
112 silly gunzTarPerm modified mode [ 'karma.conf.js', 436, 438 ]
113 silly gunzTarPerm extractEntry .editorconfig
114 silly gunzTarPerm modified mode [ '.editorconfig', 436, 438 ]
115 silly gunzTarPerm extractEntry .jshintignore
116 silly gunzTarPerm modified mode [ '.jshintignore', 436, 438 ]
117 silly gunzTarPerm extractEntry .jshintrc
118 silly gunzTarPerm modified mode [ '.jshintrc', 436, 438 ]
119 silly gunzTarPerm extractEntry angular-ckeditor.min.map
120 silly gunzTarPerm modified mode [ 'angular-ckeditor.min.map', 436, 438 ]
121 silly gunzTarPerm extractEntry bower.json
122 silly gunzTarPerm modified mode [ 'bower.json', 436, 438 ]
123 silly gunzTarPerm extractEntry .travis.yml
124 silly gunzTarPerm modified mode [ '.travis.yml', 436, 438 ]
125 silly gunzTarPerm extractEntry CHANGELOG.md
126 silly gunzTarPerm modified mode [ 'CHANGELOG.md', 436, 438 ]
127 silly gunzTarPerm extractEntry test/angular-ckeditor.js
128 silly gunzTarPerm modified mode [ 'test/angular-ckeditor.js', 436, 438 ]
129 silly gentlyRm C:\Users\GILSON\Desktop\EIP\ProjectDev\PeerSoundProject\Web\backend\node_modules\.staging\angular-ckeditor-72eb3c60\node_modules is being purged
130 verbose gentlyRm don't care about contents; nuking C:\Users\GILSON\Desktop\EIP\ProjectDev\PeerSoundProject\Web\backend\node_modules\.staging\angular-ckeditor-72eb3c60\node_modules
131 silly doParallel preinstall 1
132 silly preinstall angular-ckeditor@0.3.1 C:\Users\GILSON\Desktop\EIP\ProjectDev\PeerSoundProject\Web\backend\node_modules\.staging\angular-ckeditor-72eb3c60
133 info lifecycle angular-ckeditor@0.3.1~preinstall: angular-ckeditor@0.3.1
134 silly lifecycle angular-ckeditor@0.3.1~preinstall: no script for preinstall, continuing
135 silly doReverseSerial remove 0
136 silly doSerial move 0
137 silly doSerial finalize 1
138 silly finalize C:\Users\GILSON\Desktop\EIP\ProjectDev\PeerSoundProject\Web\backend\node_modules\angular-ckeditor
139 silly doSerial build 1
140 silly build angular-ckeditor@0.3.1
141 info linkStuff angular-ckeditor@0.3.1
142 silly linkStuff angular-ckeditor@0.3.1 has C:\Users\GILSON\Desktop\EIP\ProjectDev\PeerSoundProject\Web\backend\node_modules as its parent node_modules
143 verbose linkBins angular-ckeditor@0.3.1
144 verbose linkMans angular-ckeditor@0.3.1
145 silly doSerial global-link 0
146 silly doParallel update-linked 0
147 silly doSerial install 1
148 silly install angular-ckeditor@0.3.1 C:\Users\GILSON\Desktop\EIP\ProjectDev\PeerSoundProject\Web\backend\node_modules\.staging\angular-ckeditor-72eb3c60
149 info lifecycle angular-ckeditor@0.3.1~install: angular-ckeditor@0.3.1
150 verbose lifecycle angular-ckeditor@0.3.1~install: unsafe-perm in lifecycle true
151 verbose lifecycle angular-ckeditor@0.3.1~install: PATH: C:\Program Files\nodejs\node_modules\npm\bin\node-gyp-bin;C:\Users\GILSON\Desktop\EIP\ProjectDev\PeerSoundProject\Web\backend\node_modules\angular-ckeditor\node_modules\.bin;C:\Users\GILSON\Desktop\EIP\ProjectDev\PeerSoundProject\Web\backend\node_modules\.bin;C:\Users\GILSON\Documents\EIP\Cmder\bin;C:\Users\GILSON\Documents\EIP\Cmder\vendor\conemu-maximus5\ConEmu\Scripts;C:\Users\GILSON\Documents\EIP\Cmder\vendor\conemu-maximus5;C:\Users\GILSON\Documents\EIP\Cmder\vendor\conemu-maximus5\ConEmu;C:\Program Files\Docker\Docker\Resources\bin;C:\ProgramData\Oracle\Java\javapath;C:\Program Files (x86)\NVIDIA Corporation\PhysX\Common;C:\WINDOWS\system32;C:\WINDOWS;C:\WINDOWS\System32\Wbem;C:\WINDOWS\System32\WindowsPowerShell\v1.0\;C:\Program Files\Git\cmd;C:\Program Files\TortoiseGit\bin;C:\Program Files\TortoiseSVN\bin;C:\Program Files\nodejs\;C:\Users\GILSON\AppData\Local\Programs\Python\Python36-32\Scripts\;C:\Users\GILSON\AppData\Local\Programs\Python\Python36-32\;C:\Users\GILSON\AppData\Local\Microsoft\WindowsApps;C:\Program Files (x86)\Epitech\Blih\;C:\Users\GILSON\AppData\Local\atom\bin;C:\Users\GILSON\AppData\Local\Microsoft\WindowsApps;C:\Users\GILSON\AppData\Roaming\npm;C:\Program Files\Microsoft VS Code\bin;C:\Program Files\Git\usr\bin;C:\Program Files\Git\usr\share\vim\vim74;C:\Users\GILSON\Documents\EIP\Cmder\
152 verbose lifecycle angular-ckeditor@0.3.1~install: CWD: C:\Users\GILSON\Desktop\EIP\ProjectDev\PeerSoundProject\Web\backend\node_modules\angular-ckeditor
153 silly lifecycle angular-ckeditor@0.3.1~install: Args: [ '/d /s /c', 'bower install' ]
154 silly lifecycle angular-ckeditor@0.3.1~install: Returned: code: 1  signal: null
155 info lifecycle angular-ckeditor@0.3.1~install: Failed to exec install script
156 verbose unlock done using C:\Users\GILSON\AppData\Roaming\npm-cache\_locks\staging-252af7606f32fe16.lock for C:\Users\GILSON\Desktop\EIP\ProjectDev\PeerSoundProject\Web\backend\node_modules\.staging
157 silly rollbackFailedOptional Starting
158 silly rollbackFailedOptional Finishing
159 silly runTopLevelLifecycles Finishing
160 silly install printInstalled
161 warn peersoundproject@0.1.0 No repository field.
162 verbose If you need help, you may report this error at:
162 verbose     <https://github.com/npm/npm/issues>
163 warn peersoundproject@0.1.0 No license field.
164 verbose If you need help, you may report this error at:
164 verbose     <https://github.com/npm/npm/issues>
165 verbose stack Error: angular-ckeditor@0.3.1 install: `bower install`
165 verbose stack Exit status 1
165 verbose stack     at EventEmitter.<anonymous> (C:\Program Files\nodejs\node_modules\npm\lib\utils\lifecycle.js:255:16)
165 verbose stack     at emitTwo (events.js:106:13)
165 verbose stack     at EventEmitter.emit (events.js:191:7)
165 verbose stack     at ChildProcess.<anonymous> (C:\Program Files\nodejs\node_modules\npm\lib\utils\spawn.js:40:14)
165 verbose stack     at emitTwo (events.js:106:13)
165 verbose stack     at ChildProcess.emit (events.js:191:7)
165 verbose stack     at maybeClose (internal/child_process.js:920:16)
165 verbose stack     at Process.ChildProcess._handle.onexit (internal/child_process.js:230:5)
166 verbose pkgid angular-ckeditor@0.3.1
167 verbose cwd C:\Users\GILSON\Desktop\EIP\ProjectDev\PeerSoundProject\Web\backend
168 error Windows_NT 10.0.15063
169 error argv "C:\\Program Files\\nodejs\\node.exe" "C:\\Program Files\\nodejs\\node_modules\\npm\\bin\\npm-cli.js" "install"
170 error node v6.11.3
171 error npm  v3.10.10
172 error code ELIFECYCLE
173 error angular-ckeditor@0.3.1 install: `bower install`
173 error Exit status 1
174 error Failed at the angular-ckeditor@0.3.1 install script 'bower install'.
174 error Make sure you have the latest version of node.js and npm installed.
174 error If you do, this is most likely a problem with the angular-ckeditor package,
174 error not with npm itself.
174 error Tell the author that this fails on your system:
174 error     bower install
174 error You can get information on how to open an issue for this project with:
174 error     npm bugs angular-ckeditor
174 error Or if that isn't available, you can get their info via:
174 error     npm owner ls angular-ckeditor
174 error There is likely additional logging output above.
175 verbose exit [ 1, true ]
